{"level":"info","message":"::1 - - [13/Apr/2018:21:23:30 +0000] \"GET / HTTP/1.1\" 200 170 \"-\" \"Mozilla/5.0 (Windows NT 10.0; Win64; x64) AppleWebKit/537.36 (KHTML, like Gecko) Chrome/65.0.3325.181 Safari/537.36\"\n","timestamp":"2018-04-13T21:23:30.961Z"}
{"level":"info","message":"::1 - - [13/Apr/2018:21:23:31 +0000] \"GET /stylesheets/style.css HTTP/1.1\" 200 111 \"http://localhost:3000/\" \"Mozilla/5.0 (Windows NT 10.0; Win64; x64) AppleWebKit/537.36 (KHTML, like Gecko) Chrome/65.0.3325.181 Safari/537.36\"\n","timestamp":"2018-04-13T21:23:31.031Z"}
{"level":"info","message":"::1 - - [13/Apr/2018:21:23:31 +0000] \"GET /favicon.ico HTTP/1.1\" 404 1172 \"http://localhost:3000/\" \"Mozilla/5.0 (Windows NT 10.0; Win64; x64) AppleWebKit/537.36 (KHTML, like Gecko) Chrome/65.0.3325.181 Safari/537.36\"\n","timestamp":"2018-04-13T21:23:31.162Z"}
{"level":"error","message":"404 - Not Found - /foo - GET - ::1","timestamp":"2018-04-13T21:25:03.367Z"}
{"level":"info","message":"::1 - - [13/Apr/2018:21:25:03 +0000] \"GET /foo HTTP/1.1\" 404 1172 \"-\" \"Mozilla/5.0 (Windows NT 10.0; Win64; x64) AppleWebKit/537.36 (KHTML, like Gecko) Chrome/65.0.3325.181 Safari/537.36\"\n","timestamp":"2018-04-13T21:25:03.826Z"}
{"level":"info","message":"::1 - - [13/Apr/2018:21:25:03 +0000] \"GET /stylesheets/style.css HTTP/1.1\" 304 - \"http://localhost:3000/foo\" \"Mozilla/5.0 (Windows NT 10.0; Win64; x64) AppleWebKit/537.36 (KHTML, like Gecko) Chrome/65.0.3325.181 Safari/537.36\"\n","timestamp":"2018-04-13T21:25:03.859Z"}
{"level":"info","message":"::1 - - [13/Apr/2018:21:26:46 +0000] \"GET / HTTP/1.1\" 200 170 \"-\" \"Mozilla/5.0 (Windows NT 10.0; Win64; x64) AppleWebKit/537.36 (KHTML, like Gecko) Chrome/65.0.3325.181 Safari/537.36\"\n","timestamp":"2018-04-13T21:26:46.878Z"}
{"level":"error","message":"404 - Not Found - /foo - GET - ::1","timestamp":"2018-04-13T21:26:54.229Z"}
{"level":"info","message":"::1 - - [13/Apr/2018:21:26:54 +0000] \"GET /foo HTTP/1.1\" 404 1172 \"-\" \"Mozilla/5.0 (Windows NT 10.0; Win64; x64) AppleWebKit/537.36 (KHTML, like Gecko) Chrome/65.0.3325.181 Safari/537.36\"\n","timestamp":"2018-04-13T21:26:54.254Z"}
{"level":"info","message":"::1 - - [13/Apr/2018:22:17:40 +0000] \"GET / HTTP/1.1\" 200 170 \"-\" \"Mozilla/5.0 (Windows NT 10.0; Win64; x64) AppleWebKit/537.36 (KHTML, like Gecko) Chrome/65.0.3325.181 Safari/537.36\"\n","timestamp":"2018-04-13T22:17:40.494Z"}
{"level":"info","message":"::1 - - [13/Apr/2018:22:17:40 +0000] \"GET /stylesheets/style.css HTTP/1.1\" 304 - \"http://localhost:3000/\" \"Mozilla/5.0 (Windows NT 10.0; Win64; x64) AppleWebKit/537.36 (KHTML, like Gecko) Chrome/65.0.3325.181 Safari/537.36\"\n","timestamp":"2018-04-13T22:17:40.525Z"}
{"level":"info","message":"::1 - - [13/Apr/2018:22:18:26 +0000] \"GET / HTTP/1.1\" 304 - \"-\" \"Mozilla/5.0 (Windows NT 10.0; Win64; x64) AppleWebKit/537.36 (KHTML, like Gecko) Chrome/65.0.3325.181 Safari/537.36\"\n","timestamp":"2018-04-13T22:18:26.706Z"}
{"level":"info","message":"::1 - - [13/Apr/2018:22:18:26 +0000] \"GET /stylesheets/style.css HTTP/1.1\" 304 - \"http://localhost:3000/\" \"Mozilla/5.0 (Windows NT 10.0; Win64; x64) AppleWebKit/537.36 (KHTML, like Gecko) Chrome/65.0.3325.181 Safari/537.36\"\n","timestamp":"2018-04-13T22:18:26.743Z"}
{"level":"error","message":"404 - Not Found - /foo - GET - ::1","timestamp":"2018-04-13T22:18:31.900Z"}
{"level":"info","message":"::1 - - [13/Apr/2018:22:18:31 +0000] \"GET /foo HTTP/1.1\" 404 1172 \"-\" \"Mozilla/5.0 (Windows NT 10.0; Win64; x64) AppleWebKit/537.36 (KHTML, like Gecko) Chrome/65.0.3325.181 Safari/537.36\"\n","timestamp":"2018-04-13T22:18:31.922Z"}
{"level":"info","message":"::1 - - [13/Apr/2018:22:18:31 +0000] \"GET /stylesheets/style.css HTTP/1.1\" 304 - \"http://localhost:3000/foo\" \"Mozilla/5.0 (Windows NT 10.0; Win64; x64) AppleWebKit/537.36 (KHTML, like Gecko) Chrome/65.0.3325.181 Safari/537.36\"\n","timestamp":"2018-04-13T22:18:31.937Z"}
{"level":"info","message":"::1 - - [14/Apr/2018:14:59:57 +0000] \"GET / HTTP/1.1\" 304 - \"-\" \"Mozilla/5.0 (Windows NT 10.0; Win64; x64) AppleWebKit/537.36 (KHTML, like Gecko) Chrome/65.0.3325.181 Safari/537.36\"\n","timestamp":"2018-04-14T14:59:57.211Z"}
{"level":"info","message":"::1 - - [14/Apr/2018:14:59:57 +0000] \"GET /stylesheets/style.css HTTP/1.1\" 304 - \"http://localhost:3000/\" \"Mozilla/5.0 (Windows NT 10.0; Win64; x64) AppleWebKit/537.36 (KHTML, like Gecko) Chrome/65.0.3325.181 Safari/537.36\"\n","timestamp":"2018-04-14T14:59:57.256Z"}
{"level":"error","message":"404 - Not Found - /users - GET - ::1","timestamp":"2018-04-16T16:55:52.113Z"}
{"level":"info","message":"::1 - - [16/Apr/2018:16:55:52 +0000] \"GET /users HTTP/1.1\" 404 1328 \"-\" \"Mozilla/5.0 (Windows NT 6.1; Win64; x64) AppleWebKit/537.36 (KHTML, like Gecko) Chrome/65.0.3325.181 Safari/537.36\"\n","timestamp":"2018-04-16T16:55:52.121Z"}
{"level":"info","message":"::1 - - [16/Apr/2018:16:55:57 +0000] \"GET /tests HTTP/1.1\" 200 23 \"-\" \"Mozilla/5.0 (Windows NT 6.1; Win64; x64) AppleWebKit/537.36 (KHTML, like Gecko) Chrome/65.0.3325.181 Safari/537.36\"\n","timestamp":"2018-04-16T16:55:57.358Z"}
{"level":"info","message":"::1 - - [16/Apr/2018:16:56:01 +0000] \"GET / HTTP/1.1\" 200 7 \"-\" \"Mozilla/5.0 (Windows NT 6.1; Win64; x64) AppleWebKit/537.36 (KHTML, like Gecko) Chrome/65.0.3325.181 Safari/537.36\"\n","timestamp":"2018-04-16T16:56:01.871Z"}
